Build started 4/19/2015 11:43:28 PM.
     1>Project "C:\Users\Scarb\Desktop\PGM\DSCPP_2.3_线性表的链式储存结构_15.4.13\DSCPP_2.3_线性表的链式储存结构_15.4.13\DSCPP_2.3_线性表的链式储存结构_15.4.13.vcxproj" on node 2 (Build target(s)).
     1>ClCompile:
         C:\Program Files (x86)\Microsoft Visual Studio 12.0\VC\bin\CL.exe /c /ZI /nologo /W3 /WX- /sdl- /Od /Oy- /D _UNICODE /D UNICODE /Gm /EHsc /RTC1 /MDd /GS /fp:precise /Zc:wchar_t /Zc:forScope /Fo"Debug\\" /Fd"Debug\vc120.pdb" /Gd /TP /analyze- /errorReport:prompt Source.cpp
         Source.cpp
     1>c:\users\scarb\desktop\pgm\dscpp_2.3_线性表的链式储存结构_15.4.13\dscpp_2.3_线性表的链式储存结构_15.4.13\source.cpp(13): error C4430: missing type specifier - int assumed. Note: C++ does not support default-int
                 c:\users\scarb\desktop\pgm\dscpp_2.3_线性表的链式储存结构_15.4.13\dscpp_2.3_线性表的链式储存结构_15.4.13\source.cpp(18) : see reference to class template instantiation 'Node<DT>' being compiled
     1>c:\users\scarb\desktop\pgm\dscpp_2.3_线性表的链式储存结构_15.4.13\dscpp_2.3_线性表的链式储存结构_15.4.13\source.cpp(13): error C2143: syntax error : missing ',' before '&'
     1>Done Building Project "C:\Users\Scarb\Desktop\PGM\DSCPP_2.3_线性表的链式储存结构_15.4.13\DSCPP_2.3_线性表的链式储存结构_15.4.13\DSCPP_2.3_线性表的链式储存结构_15.4.13.vcxproj" (Build target(s)) -- FAILED.

Build FAILED.

Time Elapsed 00:00:00.70
